Determining if the pthread_create exist failed with the following output:
Change Dir: /home/timo/picar_mum/catkin_ws/src/90_simulation/simulation/worlds/build/CMakeFiles/CMakeTmp

Run Build Command:"/usr/bin/make" "cmTC_98f56/fast"
/usr/bin/make -f CMakeFiles/cmTC_98f56.dir/build.make CMakeFiles/cmTC_98f56.dir/build
make[1]: Entering directory '/home/timo/picar_mum/catkin_ws/src/90_simulation/simulation/worlds/build/CMakeFiles/CMakeTmp'
Building C object CMakeFiles/cmTC_98f56.dir/CheckSymbolExists.c.o
/usr/bin/cc    -o CMakeFiles/cmTC_98f56.dir/CheckSymbolExists.c.o   -c /home/timo/picar_mum/catkin_ws/src/90_simulation/simulation/worlds/build/CMakeFiles/CMakeTmp/CheckSymbolExists.c
Linking C executable cmTC_98f56
/usr/bin/cmake -E cmake_link_script CMakeFiles/cmTC_98f56.dir/link.txt --verbose=1
/usr/bin/cc      -rdynamic CMakeFiles/cmTC_98f56.dir/CheckSymbolExists.c.o  -o cmTC_98f56 
CMakeFiles/cmTC_98f56.dir/CheckSymbolExists.c.o: In function `main':
CheckSymbolExists.c:(.text+0x1b): undefined reference to `pthread_create'
collect2: error: ld returned 1 exit status
CMakeFiles/cmTC_98f56.dir/build.make:86: recipe for target 'cmTC_98f56' failed
make[1]: *** [cmTC_98f56] Error 1
make[1]: Leaving directory '/home/timo/picar_mum/catkin_ws/src/90_simulation/simulation/worlds/build/CMakeFiles/CMakeTmp'
Makefile:121: recipe for target 'cmTC_98f56/fast' failed
make: *** [cmTC_98f56/fast] Error 2

File /home/timo/picar_mum/catkin_ws/src/90_simulation/simulation/worlds/build/CMakeFiles/CMakeTmp/CheckSymbolExists.c:
/* */
#include <pthread.h>

int main(int argc, char** argv)
{
  (void)argv;
#ifndef pthread_create
  return ((int*)(&pthread_create))[argc];
#else
  (void)argc;
  return 0;
#endif
}

Determining if the function pthread_create exists in the pthreads failed with the following output:
Change Dir: /home/timo/picar_mum/catkin_ws/src/90_simulation/simulation/worlds/build/CMakeFiles/CMakeTmp

Run Build Command:"/usr/bin/make" "cmTC_78f6e/fast"
/usr/bin/make -f CMakeFiles/cmTC_78f6e.dir/build.make CMakeFiles/cmTC_78f6e.dir/build
make[1]: Entering directory '/home/timo/picar_mum/catkin_ws/src/90_simulation/simulation/worlds/build/CMakeFiles/CMakeTmp'
Building C object CMakeFiles/cmTC_78f6e.dir/CheckFunctionExists.c.o
/usr/bin/cc   -DCHECK_FUNCTION_EXISTS=pthread_create   -o CMakeFiles/cmTC_78f6e.dir/CheckFunctionExists.c.o   -c /usr/share/cmake-3.13/Modules/CheckFunctionExists.c
Linking C executable cmTC_78f6e
/usr/bin/cmake -E cmake_link_script CMakeFiles/cmTC_78f6e.dir/link.txt --verbose=1
/usr/bin/cc  -DCHECK_FUNCTION_EXISTS=pthread_create    -rdynamic CMakeFiles/cmTC_78f6e.dir/CheckFunctionExists.c.o  -o cmTC_78f6e -lpthreads 
/usr/bin/ld: cannot find -lpthreads
collect2: error: ld returned 1 exit status
CMakeFiles/cmTC_78f6e.dir/build.make:86: recipe for target 'cmTC_78f6e' failed
make[1]: *** [cmTC_78f6e] Error 1
make[1]: Leaving directory '/home/timo/picar_mum/catkin_ws/src/90_simulation/simulation/worlds/build/CMakeFiles/CMakeTmp'
Makefile:121: recipe for target 'cmTC_78f6e/fast' failed
make: *** [cmTC_78f6e/fast] Error 2


